<?xml version="1.0" encoding="UTF-8"?>
<!-- Generated by org.testng.reporters.JUnitXMLReporter -->
<testsuite ignored="0" hostname="DESKTOP-L709TVT" failures="1" tests="3" name="Error Validations" time="34.666" errors="0" timestamp="2024-05-04T19:42:41 IST">
  <testcase classname="Prashanth_maven_project.Tests.ErrorValidations" name="LoginErrorVal" time="1.699">
    <skipped/>
  </testcase> <!-- LoginErrorVal -->
  <testcase classname="Prashanth_maven_project.Tests.ErrorValidations" name="LoginErrorVal" time="1.336">
    <skipped/>
  </testcase> <!-- LoginErrorVal -->
  <testcase classname="Prashanth_maven_project.Tests.ErrorValidations" name="LoginErrorVal" time="4.069">
    <failure type="java.lang.AssertionError" message="expected [Incorrect email or password.] but found [Incorrect email  password.]">
      <![CDATA[java.lang.AssertionError: expected [Incorrect email or password.] but found [Incorrect email  password.]
at Prashanth_maven_project.Tests.ErrorValidations.LoginErrorVal(ErrorValidations.java:32)
at java.base/java.util.ArrayList.forEach(ArrayList.java:1596)
... Removed 31 stack frames]]>
    </failure>
  </testcase> <!-- LoginErrorVal -->
</testsuite> <!-- Error Validations -->
